[0m17:29:24.640824 [debug] [MainThread]: Sending event: {'category': 'dbt', 'action': 'invocation', 'label': 'start', 'context': [<snowplow_tracker.self_describing_json.SelfDescribingJson object at 0x0000010C4D41C440>, <snowplow_tracker.self_describing_json.SelfDescribingJson object at 0x0000010C50C3E420>, <snowplow_tracker.self_describing_json.SelfDescribingJson object at 0x0000010C50C3FF80>]}


============================== 17:29:24.652791 | 40797066-e389-4ab0-b6d6-eaff15bb9532 ==============================
[0m17:29:24.652791 [info ] [MainThread]: Running with dbt=1.11.2
[0m17:29:24.655792 [debug] [MainThread]: running dbt with arguments {'version_check': 'True', 'no_print': 'None', 'static_parser': 'True', 'warn_error_options': 'WarnErrorOptionsV2(error=[], warn=[], silence=[])', 'target_path': 'None', 'printer_width': '80', 'write_json': 'True', 'empty': 'None', 'log_cache_events': 'False', 'introspect': 'True', 'cache_selected_only': 'False', 'log_format': 'default', 'debug': 'False', 'fail_fast': 'False', 'profiles_dir': 'C:\\Users\\Admin\\.dbt', 'send_anonymous_usage_stats': 'True', 'quiet': 'False', 'warn_error': 'None', 'partial_parse': 'True', 'invocation_command': 'dbt debug', 'use_colors': 'True', 'indirect_selection': 'eager', 'use_experimental_parser': 'False', 'log_path': 'logs'}
[0m17:29:24.723604 [info ] [MainThread]: dbt version: 1.11.2
[0m17:29:24.724600 [info ] [MainThread]: python version: 3.12.10
[0m17:29:24.725598 [info ] [MainThread]: python path: C:\study\DBT\dbt-env\Scripts\python.exe
[0m17:29:24.726595 [info ] [MainThread]: os info: Windows-10-10.0.19045-SP0
[0m17:29:27.571391 [debug] [MainThread]: Snowflake adapter: Setting snowflake.connector to ERROR (file logging only)
[0m17:29:27.572388 [debug] [MainThread]: Snowflake adapter: Setting botocore to ERROR (file logging only)
[0m17:29:27.573384 [debug] [MainThread]: Snowflake adapter: Setting boto3 to ERROR (file logging only)
[0m17:29:27.921457 [info ] [MainThread]: Using profiles dir at C:\Users\Admin\.dbt
[0m17:29:27.923457 [info ] [MainThread]: Using profiles.yml file at C:\Users\Admin\.dbt\profiles.yml
[0m17:29:27.925446 [info ] [MainThread]: Using dbt_project.yml file at C:\study\GitHub\dbt_airbnb\dbt_project.yml
[0m17:29:27.931427 [info ] [MainThread]: adapter type: snowflake
[0m17:29:27.933424 [info ] [MainThread]: adapter version: 1.11.1
[0m17:29:27.936416 [info ] [MainThread]: Configuration:
[0m17:29:27.940411 [info ] [MainThread]:   profiles.yml file [[32mOK found and valid[0m]
[0m17:29:27.949380 [info ] [MainThread]:   dbt_project.yml file [[31mERROR not found[0m]
[0m17:29:27.951375 [info ] [MainThread]: Required dependencies:
[0m17:29:27.952371 [debug] [MainThread]: Executing "git --help"
[0m17:29:28.246630 [debug] [MainThread]: STDOUT: "b"usage: git [-v | --version] [-h | --help] [-C <path>] [-c <name>=<value>]\n           [--exec-path[=<path>]] [--html-path] [--man-path] [--info-path]\n           [-p | --paginate | -P | --no-pager] [--no-replace-objects] [--bare]\n           [--git-dir=<path>] [--work-tree=<path>] [--namespace=<name>]\n           [--config-env=<name>=<envvar>] <command> [<args>]\n\nThese are common Git commands used in various situations:\n\nstart a working area (see also: git help tutorial)\n   clone     Clone a repository into a new directory\n   init      Create an empty Git repository or reinitialize an existing one\n\nwork on the current change (see also: git help everyday)\n   add       Add file contents to the index\n   mv        Move or rename a file, a directory, or a symlink\n   restore   Restore working tree files\n   rm        Remove files from the working tree and from the index\n\nexamine the history and state (see also: git help revisions)\n   bisect    Use binary search to find the commit that introduced a bug\n   diff      Show changes between commits, commit and working tree, etc\n   grep      Print lines matching a pattern\n   log       Show commit logs\n   show      Show various types of objects\n   status    Show the working tree status\n\ngrow, mark and tweak your common history\n   branch    List, create, or delete branches\n   commit    Record changes to the repository\n   merge     Join two or more development histories together\n   rebase    Reapply commits on top of another base tip\n   reset     Reset current HEAD to the specified state\n   switch    Switch branches\n   tag       Create, list, delete or verify a tag object signed with GPG\n\ncollaborate (see also: git help workflows)\n   fetch     Download objects and refs from another repository\n   pull      Fetch from and integrate with another repository or a local branch\n   push      Update remote refs along with associated objects\n\n'git help -a' and 'git help -g' list available subcommands and some\nconcept guides. See 'git help <command>' or 'git help <concept>'\nto read about a specific subcommand or concept.\nSee 'git help git' for an overview of the system.\n""
[0m17:29:28.248625 [debug] [MainThread]: STDERR: "b''"
[0m17:29:28.249623 [info ] [MainThread]:  - git [[32mOK found[0m]

[0m17:29:28.264658 [info ] [MainThread]: Connection:
[0m17:29:28.267650 [info ] [MainThread]:   account: hxvzqdh-zx93240
[0m17:29:28.278620 [info ] [MainThread]:   user: Ramesh
[0m17:29:28.356804 [info ] [MainThread]:   database: DBT_PROJECT
[0m17:29:28.373759 [info ] [MainThread]:   warehouse: COMPUTE_WH
[0m17:29:28.385726 [info ] [MainThread]:   role: ACCOUNTADMIN
[0m17:29:28.390718 [info ] [MainThread]:   schema: FOR_DBT
[0m17:29:28.421630 [info ] [MainThread]:   authenticator: None
[0m17:29:28.458550 [info ] [MainThread]:   oauth_client_id: None
[0m17:29:28.468506 [info ] [MainThread]:   query_tag: None
[0m17:29:28.475486 [info ] [MainThread]:   client_session_keep_alive: False
[0m17:29:28.540314 [info ] [MainThread]:   host: None
[0m17:29:28.569236 [info ] [MainThread]:   port: None
[0m17:29:28.572233 [info ] [MainThread]:   proxy_host: None
[0m17:29:28.574223 [info ] [MainThread]:   proxy_port: None
[0m17:29:28.579209 [info ] [MainThread]:   protocol: None
[0m17:29:28.583199 [info ] [MainThread]:   connect_retries: 1
[0m17:29:28.586190 [info ] [MainThread]:   connect_timeout: None
[0m17:29:28.603145 [info ] [MainThread]:   retry_on_database_errors: False
[0m17:29:28.641044 [info ] [MainThread]:   retry_all: False
[0m17:29:28.653013 [info ] [MainThread]:   insecure_mode: False
[0m17:29:28.669969 [info ] [MainThread]:   reuse_connections: True
[0m17:29:28.673956 [info ] [MainThread]:   s3_stage_vpce_dns_name: None
[0m17:29:28.687918 [info ] [MainThread]:   platform_detection_timeout_seconds: 0.0
[0m17:29:28.783664 [info ] [MainThread]: Registered adapter: snowflake=1.11.1
[0m17:29:30.204398 [debug] [MainThread]: Acquiring new snowflake connection 'debug'
[0m17:29:30.482663 [debug] [MainThread]: Using snowflake connection "debug"
[0m17:29:30.484658 [debug] [MainThread]: On debug: select 1 as id
[0m17:29:30.489161 [debug] [MainThread]: Opening a new connection, currently in state init
[0m17:29:31.986161 [debug] [MainThread]: SQL status: SUCCESS 1 in 1.497 seconds
[0m17:29:31.993149 [info ] [MainThread]:   Connection test: [[32mOK connection ok[0m]

[0m17:29:32.050990 [info ] [MainThread]: [31m1 check failed:[0m
[0m17:29:32.055974 [info ] [MainThread]: Project loading failed for the following reason:
 project path <C:\study\GitHub\dbt_airbnb\dbt_project.yml> not found

[0m17:29:32.171345 [debug] [MainThread]: Command `dbt debug` failed at 17:29:32.169349 after 7.90 seconds
[0m17:29:32.172341 [debug] [MainThread]: Connection 'debug' was left open.
[0m17:29:32.173338 [debug] [MainThread]: On debug: Close
[0m17:29:32.333913 [debug] [MainThread]: Sending event: {'category': 'dbt', 'action': 'invocation', 'label': 'end', 'context': [<snowplow_tracker.self_describing_json.SelfDescribingJson object at 0x0000010C53131760>, <snowplow_tracker.self_describing_json.SelfDescribingJson object at 0x0000010C51EA13D0>, <snowplow_tracker.self_describing_json.SelfDescribingJson object at 0x0000010C52CF89E0>]}
[0m17:29:32.334905 [debug] [MainThread]: Flushing usage events
[0m17:29:36.018486 [debug] [MainThread]: An error was encountered while trying to flush usage events
